2014-10-30 14:42:43,413 - mainlogger - INFO - Test mainlog
2014-10-30 14:42:47,125 - mainlogger - INFO - C:/Users/mengxin/Dropbox/[1]CITY_Research/1_MalwareLab/2_TxtTrafficData
2014-10-30 14:42:47,127 - mainlogger - INFO - /0
2014-10-30 14:42:47,127 - mainlogger - INFO - /1
2014-10-30 14:42:47,128 - mainlogger - INFO - C:/Users/mengxin/Dropbox/[1]CITY_Research/1_MalwareLab/3_CsvTrafficData
2014-10-30 14:42:47,128 - mainlogger - INFO - C:/Users/mengxin/Dropbox/[1]CITY_Research/1_MalwareLab/9_Analysis
2014-10-30 14:42:47,128 - mainlogger - INFO - C:/Users/mengxin/Dropbox/[1]CITY_Research/1_MalwareLab/5_NormalPacketDatabase
2014-10-30 14:44:50,430 - mainlogger - INFO - Test mainlog
2014-10-30 14:44:56,687 - mainlogger - INFO - C:/Users/mengxin/Dropbox/[1]CITY_Research/1_MalwareLab/2_TxtTrafficData
2014-10-30 14:44:56,687 - mainlogger - INFO - /0
2014-10-30 14:44:56,687 - mainlogger - INFO - /1
2014-10-30 14:44:56,687 - mainlogger - INFO - C:/Users/mengxin/Dropbox/[1]CITY_Research/1_MalwareLab/3_CsvTrafficData
2014-10-30 14:44:56,688 - mainlogger - INFO - C:/Users/mengxin/Dropbox/[1]CITY_Research/1_MalwareLab/9_Analysis
2014-10-30 14:44:56,688 - mainlogger - INFO - C:/Users/mengxin/Dropbox/[1]CITY_Research/1_MalwareLab/5_NormalPacketDatabase
2014-10-30 14:45:01,148 - mainlogger - INFO - C:/Users/mengxin/Dropbox/[1]CITY_Research/1_MalwareLab/2_TxtTrafficData
2014-10-30 14:45:01,148 - mainlogger - INFO - /0
2014-10-30 14:45:01,148 - mainlogger - INFO - /1
2014-10-30 14:45:01,148 - mainlogger - INFO - C:/Users/mengxin/Dropbox/[1]CITY_Research/1_MalwareLab/3_CsvTrafficData
2014-10-30 14:45:01,148 - mainlogger - INFO - C:/Users/mengxin/Dropbox/[1]CITY_Research/1_MalwareLab/9_Analysis
2014-10-30 14:45:01,148 - mainlogger - INFO - C:/Users/mengxin/Dropbox/[1]CITY_Research/1_MalwareLab/5_NormalPacketDatabase
2014-10-30 15:24:47,737 - mainlogger - INFO - C:/Users/mengxin/Dropbox/[1]CITY_Research/1_MalwareLab/2_TxtTrafficData
2014-10-30 15:24:47,739 - mainlogger - INFO - /0
2014-10-30 15:24:47,739 - mainlogger - INFO - /1
2014-10-30 15:24:47,739 - mainlogger - INFO - C:/Users/mengxin/Dropbox/[1]CITY_Research/1_MalwareLab/3_CsvTrafficData
2014-10-30 15:24:47,739 - mainlogger - INFO - C:/Users/mengxin/Dropbox/[1]CITY_Research/1_MalwareLab/9_Analysis
2014-10-30 15:24:47,739 - mainlogger - INFO - C:/Users/mengxin/Dropbox/[1]CITY_Research/1_MalwareLab/5_NormalPacketDatabase
2014-10-30 15:24:57,497 - mainlogger - INFO - Test mainlog
